<?xml version="1.0" encoding="UTF-8"?>
<!-- Generated by org.testng.reporters.JUnitXMLReporter -->
<testsuite ignored="0" hostname="MT-5CD12777KZ" failures="1" tests="2" name="Test" time="2.41" errors="0" timestamp="2021-11-03T14:28:31 IST">
  <testcase classname="assignment1.mavenn.Basic" name="@AfterMethod main" time="0.001">
    <failure type="java.lang.NullPointerException" message="Cannot invoke &amp;quot;org.openqa.selenium.WebDriver.get(String)&amp;quot; because &amp;quot;this.driver&amp;quot; is null">
      <![CDATA[java.lang.NullPointerException: Cannot invoke "org.openqa.selenium.WebDriver.get(String)" because "this.driver" is null
at assignment1.mavenn.Basic.main(Basic.java:49)
at java.base/java.util.ArrayList.forEach(ArrayList.java:1511)
... Removed 32 stack frames]]>
    </failure>
  </testcase> <!-- @AfterMethod main -->
  <testcase classname="assignment1.mavenn.Basic" name="@AfterMethod main" time="-1.635929910939E9">
    <skipped/>
  </testcase> <!-- @AfterMethod main -->
  <testcase classname="assignment1.mavenn.Basic" name="chrome" time="2.354">
    <failure type="java.lang.IllegalStateException" message="The driver executable does not exist: \\driver\chromedriver.exe">
      <![CDATA[java.lang.IllegalStateException: The driver executable does not exist: \\driver\chromedriver.exe
at com.google.common.base.Preconditions.checkState(Preconditions.java:585)
at org.openqa.selenium.remote.service.DriverService.checkExecutable(DriverService.java:146)
at org.openqa.selenium.remote.service.DriverService.findExecutable(DriverService.java:141)
at org.openqa.selenium.chrome.ChromeDriverService.access$000(ChromeDriverService.java:35)
at org.openqa.selenium.chrome.ChromeDriverService$Builder.findDefaultExecutable(ChromeDriverService.java:159)
at org.openqa.selenium.remote.service.DriverService$Builder.build(DriverService.java:355)
at org.openqa.selenium.chrome.ChromeDriverService.createDefaultService(ChromeDriverService.java:94)
at org.openqa.selenium.chrome.ChromeDriver.<init>(ChromeDriver.java:123)
at assignment1.mavenn.Basic.chrome(Basic.java:23)
at java.base/java.util.ArrayList.forEach(ArrayList.java:1511)
... Removed 27 stack frames]]>
    </failure>
  </testcase> <!-- chrome -->
  <testcase classname="assignment1.mavenn.Basic" name="edge" time="0.0">
    <skipped/>
  </testcase> <!-- edge -->
</testsuite> <!-- Test -->
